<?xml version="1.0" encoding="UTF-8"?>
<testng-results skipped="0" failed="0" total="1" passed="1">
  <reporter-output>
  </reporter-output>
  <suite name="Default suite" duration-ms="15440" started-at="2019-07-23T04:22:45Z" finished-at="2019-07-23T04:23:00Z">
    <groups>
    </groups>
    <test name="Default test" duration-ms="15440" started-at="2019-07-23T04:22:45Z" finished-at="2019-07-23T04:23:00Z">
      <class name="com.git.test.GitTest">
        <test-method status="PASS" signature="bing()[pri:0, instance:com.git.test.GitTest@47f37ef1]" name="bing" duration-ms="15417" started-at="2019-07-23T09:52:45Z" finished-at="2019-07-23T09:53:00Z">
          <reporter-output>
          </reporter-output>
        </test-method> <!-- bing -->
      </class> <!-- com.git.test.GitTest -->
    </test> <!-- Default test -->
  </suite> <!-- Default suite -->
</testng-results>
